0 info it worked if it ends with ok
1 verbose cli [ '/usr/local/Cellar/node/10.8.0/bin/node',
1 verbose cli   '/usr/local/bin/npm',
1 verbose cli   'run',
1 verbose cli   'dev' ]
2 info using npm@3.9.5
3 info using node@v10.8.0
4 verbose run-script [ 'predev', 'dev', 'postdev' ]
5 info lifecycle synonymes-app@0.1.0~predev: synonymes-app@0.1.0
6 silly lifecycle synonymes-app@0.1.0~predev: no script for predev, continuing
7 info lifecycle synonymes-app@0.1.0~dev: synonymes-app@0.1.0
8 verbose lifecycle synonymes-app@0.1.0~dev: unsafe-perm in lifecycle true
9 verbose lifecycle synonymes-app@0.1.0~dev: PATH: /usr/local/lib/node_modules/npm/bin/node-gyp-bin:/Users/sashakatin/Sites/balloonrun/node_modules/.bin:/usr/local/Cellar/node/10.8.0/bin:/Users/sashakatin/.rvm/gems/ruby-2.2.1/bin:/Users/sashakatin/.rvm/gems/ruby-2.2.1@global/bin:/Users/sashakatin/.rvm/rubies/ruby-2.2.1/bin:/usr/local/sbin:/usr/local/bin:/usr/bin:/bin:/usr/sbin:/sbin:/usr/local/bin:/Users/sashakatin/.rvm/bin
10 verbose lifecycle synonymes-app@0.1.0~dev: CWD: /Users/sashakatin/Sites/balloonrun
11 silly lifecycle synonymes-app@0.1.0~dev: Args: [ '-c', 'gatsby develop -o' ]
12 silly lifecycle synonymes-app@0.1.0~dev: Returned: code: 1  signal: null
13 info lifecycle synonymes-app@0.1.0~dev: Failed to exec dev script
14 verbose stack Error: synonymes-app@0.1.0 dev: `gatsby develop -o`
14 verbose stack Exit status 1
14 verbose stack     at EventEmitter.<anonymous> (/usr/local/lib/node_modules/npm/lib/utils/lifecycle.js:245:16)
14 verbose stack     at EventEmitter.emit (events.js:182:13)
14 verbose stack     at ChildProcess.<anonymous> (/usr/local/lib/node_modules/npm/lib/utils/spawn.js:24:14)
14 verbose stack     at ChildProcess.emit (events.js:182:13)
14 verbose stack     at maybeClose (internal/child_process.js:962:16)
14 verbose stack     at Process.ChildProcess._handle.onexit (internal/child_process.js:249:5)
15 verbose pkgid synonymes-app@0.1.0
16 verbose cwd /Users/sashakatin/Sites/balloonrun
17 error Darwin 17.7.0
18 error argv "/usr/local/Cellar/node/10.8.0/bin/node" "/usr/local/bin/npm" "run" "dev"
19 error node v10.8.0
20 error npm  v3.9.5
21 error code ELIFECYCLE
22 error synonymes-app@0.1.0 dev: `gatsby develop -o`
22 error Exit status 1
23 error Failed at the synonymes-app@0.1.0 dev script 'gatsby develop -o'.
23 error Make sure you have the latest version of node.js and npm installed.
23 error If you do, this is most likely a problem with the synonymes-app package,
23 error not with npm itself.
23 error Tell the author that this fails on your system:
23 error     gatsby develop -o
23 error You can get information on how to open an issue for this project with:
23 error     npm bugs synonymes-app
23 error Or if that isn't available, you can get their info via:
23 error     npm owner ls synonymes-app
23 error There is likely additional logging output above.
24 verbose exit [ 1, true ]
